<?xml version="1.0" encoding="UTF-8" ?>
<testsuite errors="1" failures="0" hostname="Ryans-MacBook-Pro.local" name="poorman.tests.searching" skipped="0" tests="1" time="0.0" timestamp="2017-09-14T17:36:12">
  <properties>
[...]
</properties>
  <error message="poorman.tests.searching" type="java.lang.ClassNotFoundException">java.lang.ClassNotFoundException: poorman.tests.searching
	at java.lang.ClassLoader.loadClass(ClassLoader.java:357)
	at java.lang.Class.forName0(Native Method)
	at java.lang.Class.forName(Class.java:348)
	at org.eclipse.ant.internal.core.ant.EclipseDefaultExecutor.executeTargets(EclipseDefaultExecutor.java:36)
	at org.eclipse.ant.internal.core.ant.InternalAntRunner.run(InternalAntRunner.java:705)
	at org.eclipse.ant.internal.core.ant.InternalAntRunner.run(InternalAntRunner.java:527)
	at org.eclipse.ant.core.AntRunner.run(AntRunner.java:371)
	at org.eclipse.ant.internal.launching.launchConfigurations.AntLaunchDelegate.runInSameVM(AntLaunchDelegate.java:291)
	at org.eclipse.ant.internal.launching.launchConfigurations.AntLaunchDelegate.launch(AntLaunchDelegate.java:250)
	at org.eclipse.debug.internal.core.LaunchConfiguration.launch(LaunchConfiguration.java:885)
	at org.eclipse.debug.internal.core.LaunchConfiguration.launch(LaunchConfiguration.java:739)
	at org.eclipse.debug.internal.core.LaunchConfiguration.launch(LaunchConfiguration.java:731)
	at org.eclipse.core.externaltools.internal.model.ExternalToolBuilder.launchBuild(ExternalToolBuilder.java:183)
	at org.eclipse.core.externaltools.internal.model.ExternalToolBuilder.doBuildBasedOnScope(ExternalToolBuilder.java:171)
	at org.eclipse.core.externaltools.internal.model.ExternalToolBuilder.build(ExternalToolBuilder.java:90)
	at org.eclipse.core.internal.events.BuildManager$2.run(BuildManager.java:735)
	at org.eclipse.core.runtime.SafeRunner.run(SafeRunner.java:42)
	at org.eclipse.core.internal.events.BuildManager.basicBuild(BuildManager.java:206)
	at org.eclipse.core.internal.events.BuildManager.basicBuild(BuildManager.java:246)
	at org.eclipse.core.internal.events.BuildManager$1.run(BuildManager.java:301)
	at org.eclipse.core.runtime.SafeRunner.run(SafeRunner.java:42)
	at org.eclipse.core.internal.events.BuildManager.basicBuild(BuildManager.java:304)
	at org.eclipse.core.internal.events.BuildManager.basicBuildLoop(BuildManager.java:360)
	at org.eclipse.core.internal.events.BuildManager.build(BuildManager.java:383)
	at org.eclipse.core.internal.resources.Workspace.buildInternal(Workspace.java:487)
	at org.eclipse.core.internal.resources.Workspace.build(Workspace.java:399)
	at org.eclipse.ui.actions.GlobalBuildAction$1.run(GlobalBuildAction.java:177)
	at org.eclipse.core.internal.jobs.Worker.run(Worker.java:55)
</error>
  <system-out><![CDATA[]]></system-out>
  <system-err><![CDATA[]]></system-err>
</testsuite>
